2023-04-04 18:39:55,920 [Worker-0: Loading available Gradle versions] INFO  o.e.b.c.i.u.g.PublishedGradleVersions - Gradle version information cache is not available. Remote download required.
2023-04-04 18:40:39,381 [Worker-0: Loading available Gradle versions] INFO  o.e.b.c.i.u.g.PublishedGradleVersions - Gradle version information cache is up-to-date. Trying to read.
2023-04-06 15:35:33,285 [Worker-0: Loading available Gradle versions] INFO  o.e.b.c.i.u.g.PublishedGradleVersions - Gradle version information cache is out-of-date. Trying to update.
2023-05-23 19:12:57,658 [Worker-0: Loading available Gradle versions] INFO  o.e.b.c.i.u.g.PublishedGradleVersions - Gradle version information cache is out-of-date. Trying to update.
2023-05-23 19:14:00,716 [Worker-5: Retrieving catalog resource] INFO  o.a.h.c.h.i.c.HttpRequestRetryExec - Recoverable I/O exception (org.apache.hc.core5.http.NoHttpResponseException) caught when processing request to {s}->https://marketplace.eclipse.org:443
2023-05-23 19:14:00,716 [Worker-4: Retrieving catalog resource] INFO  o.a.h.c.h.i.c.HttpRequestRetryExec - Recoverable I/O exception (org.apache.hc.core5.http.NoHttpResponseException) caught when processing request to {s}->https://marketplace.eclipse.org:443
2023-05-23 19:14:00,718 [Worker-13: Retrieving catalog resource] INFO  o.a.h.c.h.i.c.HttpRequestRetryExec - Recoverable I/O exception (org.apache.hc.core5.http.NoHttpResponseException) caught when processing request to {s}->https://marketplace.eclipse.org:443
2023-05-23 19:14:00,747 [Worker-11: Retrieving catalog resource] INFO  o.a.h.c.h.i.c.HttpRequestRetryExec - Recoverable I/O exception (org.apache.hc.core5.http.NoHttpResponseException) caught when processing request to {s}->https://marketplace.eclipse.org:443
2023-05-23 19:14:00,986 [Worker-18: Retrieving catalog resource] INFO  o.a.h.c.h.i.c.HttpRequestRetryExec - Recoverable I/O exception (org.apache.hc.core5.http.NoHttpResponseException) caught when processing request to {s}->https://marketplace.eclipse.org:443
2023-05-23 19:16:57,356 [Worker-1: Loading available Gradle versions] INFO  o.e.b.c.i.u.g.PublishedGradleVersions - Gradle version information cache is up-to-date. Trying to read.
2023-05-23 19:24:43,306 [Worker-1: Loading available Gradle versions] INFO  o.e.b.c.i.u.g.PublishedGradleVersions - Gradle version information cache is up-to-date. Trying to read.
2023-05-23 19:34:31,127 [Worker-13: http://download.eclipse.org/eclipse/updates/3.0/features/org.eclipse.gef.examples_3.1.1.jar] INFO  o.a.h.c.h.i.c.HttpRequestRetryExec - Recoverable I/O exception (java.net.SocketException) caught when processing request to {}->http://download.eclipse.org:80
2023-05-23 20:55:59,196 [Worker-0: Loading available Gradle versions] INFO  o.e.b.c.i.u.g.PublishedGradleVersions - Gradle version information cache is up-to-date. Trying to read.
2023-05-23 21:02:13,064 [ModalContext] INFO  o.e.m.c.i.e.AbstractTransferListenerAdapter - Downloading https://repo.maven.apache.org/maven2/org/apache/tomee/maven/tomee-webapp-archetype/9.0.0/tomee-webapp-archetype-9.0.0.pom
2023-05-23 21:02:13,303 [ModalContext] INFO  o.e.m.c.i.e.AbstractTransferListenerAdapter - Downloaded https://repo.maven.apache.org/maven2/org/apache/tomee/maven/tomee-webapp-archetype/9.0.0/tomee-webapp-archetype-9.0.0.pom
2023-05-23 21:02:13,534 [ModalContext] INFO  o.e.m.c.i.e.AbstractTransferListenerAdapter - Downloading https://repo.maven.apache.org/maven2/org/apache/tomee/maven/maven/9.0.0/maven-9.0.0.pom
2023-05-23 21:02:13,553 [ModalContext] INFO  o.e.m.c.i.e.AbstractTransferListenerAdapter - Downloaded https://repo.maven.apache.org/maven2/org/apache/tomee/maven/maven/9.0.0/maven-9.0.0.pom
2023-05-23 21:02:13,569 [ModalContext] INFO  o.e.m.c.i.e.AbstractTransferListenerAdapter - Downloading https://repo.maven.apache.org/maven2/org/apache/tomee/tomee-project/9.0.0/tomee-project-9.0.0.pom
2023-05-23 21:02:13,621 [ModalContext] INFO  o.e.m.c.i.e.AbstractTransferListenerAdapter - Downloaded https://repo.maven.apache.org/maven2/org/apache/tomee/tomee-project/9.0.0/tomee-project-9.0.0.pom
2023-05-23 21:02:13,647 [ModalContext] INFO  o.e.m.c.i.e.AbstractTransferListenerAdapter - Downloading https://repo.maven.apache.org/maven2/org/apache/apache/26/apache-26.pom
2023-05-23 21:02:13,663 [ModalContext] INFO  o.e.m.c.i.e.AbstractTransferListenerAdapter - Downloaded https://repo.maven.apache.org/maven2/org/apache/apache/26/apache-26.pom
2023-05-23 21:02:13,976 [ModalContext] INFO  o.e.m.c.i.e.AbstractTransferListenerAdapter - Downloading https://repo.maven.apache.org/maven2/org/apache/tomee/maven/tomee-webapp-archetype/9.0.0/tomee-webapp-archetype-9.0.0.jar
2023-05-23 21:02:13,998 [ModalContext] INFO  o.e.m.c.i.e.AbstractTransferListenerAdapter - Downloaded https://repo.maven.apache.org/maven2/org/apache/tomee/maven/tomee-webapp-archetype/9.0.0/tomee-webapp-archetype-9.0.0.jar
2023-05-23 21:02:28,844 [Worker-10: Launching mavenrun-53207ea5-d472-4e9f-9550-e3689029f87f] INFO  o.eclipse.m2e.core.internal.Bundles - getClasspathEntries(Bundle=org.eclipse.m2e.maven.runtime_3.8.701.20230209-1606 [610])
2023-05-23 21:02:28,848 [Worker-10: Launching mavenrun-53207ea5-d472-4e9f-9550-e3689029f87f] INFO  o.eclipse.m2e.core.internal.Bundles - 	Entry: C:\Users\mrdlp\eclipse\eclipse\plugins\org.eclipse.m2e.maven.runtime_3.8.701.20230209-1606
2023-05-23 21:02:28,848 [Worker-10: Launching mavenrun-53207ea5-d472-4e9f-9550-e3689029f87f] INFO  o.eclipse.m2e.core.internal.Bundles - 	Entry: C:\Users\mrdlp\eclipse\eclipse\plugins\org.eclipse.m2e.maven.runtime_3.8.701.20230209-1606\jars\aether-connector-okhttp-0.17.8.jar
2023-05-23 21:02:28,848 [Worker-10: Launching mavenrun-53207ea5-d472-4e9f-9550-e3689029f87f] INFO  o.eclipse.m2e.core.internal.Bundles - 	Entry: C:\Users\mrdlp\eclipse\eclipse\plugins\org.eclipse.m2e.maven.runtime_3.8.701.20230209-1606\jars\commons-lang3-3.8.1.jar
2023-05-23 21:02:28,849 [Worker-10: Launching mavenrun-53207ea5-d472-4e9f-9550-e3689029f87f] INFO  o.eclipse.m2e.core.internal.Bundles - 	Entry: C:\Users\mrdlp\eclipse\eclipse\plugins\org.eclipse.m2e.maven.runtime_3.8.701.20230209-1606\jars\guice-4.2.2-no_aop.jar
2023-05-23 21:02:28,849 [Worker-10: Launching mavenrun-53207ea5-d472-4e9f-9550-e3689029f87f] INFO  o.eclipse.m2e.core.internal.Bundles - 	Entry: C:\Users\mrdlp\eclipse\eclipse\plugins\org.eclipse.m2e.maven.runtime_3.8.701.20230209-1606\jars\jansi-2.4.0.jar
2023-05-23 21:02:28,849 [Worker-10: Launching mavenrun-53207ea5-d472-4e9f-9550-e3689029f87f] INFO  o.eclipse.m2e.core.internal.Bundles - 	Entry: C:\Users\mrdlp\eclipse\eclipse\plugins\org.eclipse.m2e.maven.runtime_3.8.701.20230209-1606\jars\maven-artifact-3.8.7.jar
2023-05-23 21:02:28,849 [Worker-10: Launching mavenrun-53207ea5-d472-4e9f-9550-e3689029f87f] INFO  o.eclipse.m2e.core.internal.Bundles - 	Entry: C:\Users\mrdlp\eclipse\eclipse\plugins\org.eclipse.m2e.maven.runtime_3.8.701.20230209-1606\jars\maven-builder-support-3.8.7.jar
2023-05-23 21:02:28,850 [Worker-10: Launching mavenrun-53207ea5-d472-4e9f-9550-e3689029f87f] INFO  o.eclipse.m2e.core.internal.Bundles - 	Entry: C:\Users\mrdlp\eclipse\eclipse\plugins\org.eclipse.m2e.maven.runtime_3.8.701.20230209-1606\jars\maven-compat-3.8.7.jar
2023-05-23 21:02:28,851 [Worker-10: Launching mavenrun-53207ea5-d472-4e9f-9550-e3689029f87f] INFO  o.eclipse.m2e.core.internal.Bundles - 	Entry: C:\Users\mrdlp\eclipse\eclipse\plugins\org.eclipse.m2e.maven.runtime_3.8.701.20230209-1606\jars\maven-core-3.8.7.jar
2023-05-23 21:02:28,851 [Worker-10: Launching mavenrun-53207ea5-d472-4e9f-9550-e3689029f87f] INFO  o.eclipse.m2e.core.internal.Bundles - 	Entry: C:\Users\mrdlp\eclipse\eclipse\plugins\org.eclipse.m2e.maven.runtime_3.8.701.20230209-1606\jars\maven-embedder-3.8.7.jar
2023-05-23 21:02:28,851 [Worker-10: Launching mavenrun-53207ea5-d472-4e9f-9550-e3689029f87f] INFO  o.eclipse.m2e.core.internal.Bundles - 	Entry: C:\Users\mrdlp\eclipse\eclipse\plugins\org.eclipse.m2e.maven.runtime_3.8.701.20230209-1606\jars\maven-model-3.8.7.jar
2023-05-23 21:02:28,851 [Worker-10: Launching mavenrun-53207ea5-d472-4e9f-9550-e3689029f87f] INFO  o.eclipse.m2e.core.internal.Bundles - 	Entry: C:\Users\mrdlp\eclipse\eclipse\plugins\org.eclipse.m2e.maven.runtime_3.8.701.20230209-1606\jars\maven-model-builder-3.8.7.jar
2023-05-23 21:02:28,852 [Worker-10: Launching mavenrun-53207ea5-d472-4e9f-9550-e3689029f87f] INFO  o.eclipse.m2e.core.internal.Bundles - 	Entry: C:\Users\mrdlp\eclipse\eclipse\plugins\org.eclipse.m2e.maven.runtime_3.8.701.20230209-1606\jars\maven-plugin-api-3.8.7.jar
2023-05-23 21:02:28,852 [Worker-10: Launching mavenrun-53207ea5-d472-4e9f-9550-e3689029f87f] INFO  o.eclipse.m2e.core.internal.Bundles - 	Entry: C:\Users\mrdlp\eclipse\eclipse\plugins\org.eclipse.m2e.maven.runtime_3.8.701.20230209-1606\jars\maven-repository-metadata-3.8.7.jar
2023-05-23 21:02:28,852 [Worker-10: Launching mavenrun-53207ea5-d472-4e9f-9550-e3689029f87f] INFO  o.eclipse.m2e.core.internal.Bundles - 	Entry: C:\Users\mrdlp\eclipse\eclipse\plugins\org.eclipse.m2e.maven.runtime_3.8.701.20230209-1606\jars\maven-resolver-api-1.6.3.jar
2023-05-23 21:02:28,853 [Worker-10: Launching mavenrun-53207ea5-d472-4e9f-9550-e3689029f87f] INFO  o.eclipse.m2e.core.internal.Bundles - 	Entry: C:\Users\mrdlp\eclipse\eclipse\plugins\org.eclipse.m2e.maven.runtime_3.8.701.20230209-1606\jars\maven-resolver-connector-basic-1.6.3.jar
2023-05-23 21:02:28,853 [Worker-10: Launching mavenrun-53207ea5-d472-4e9f-9550-e3689029f87f] INFO  o.eclipse.m2e.core.internal.Bundles - 	Entry: C:\Users\mrdlp\eclipse\eclipse\plugins\org.eclipse.m2e.maven.runtime_3.8.701.20230209-1606\jars\maven-resolver-impl-1.6.3.jar
2023-05-23 21:02:28,853 [Worker-10: Launching mavenrun-53207ea5-d472-4e9f-9550-e3689029f87f] INFO  o.eclipse.m2e.core.internal.Bundles - 	Entry: C:\Users\mrdlp\eclipse\eclipse\plugins\org.eclipse.m2e.maven.runtime_3.8.701.20230209-1606\jars\maven-resolver-provider-3.8.7.jar
2023-05-23 21:02:28,853 [Worker-10: Launching mavenrun-53207ea5-d472-4e9f-9550-e3689029f87f] INFO  o.eclipse.m2e.core.internal.Bundles - 	Entry: C:\Users\mrdlp\eclipse\eclipse\plugins\org.eclipse.m2e.maven.runtime_3.8.701.20230209-1606\jars\maven-resolver-spi-1.6.3.jar
2023-05-23 21:02:28,853 [Worker-10: Launching mavenrun-53207ea5-d472-4e9f-9550-e3689029f87f] INFO  o.eclipse.m2e.core.internal.Bundles - 	Entry: C:\Users\mrdlp\eclipse\eclipse\plugins\org.eclipse.m2e.maven.runtime_3.8.701.20230209-1606\jars\maven-resolver-transport-wagon-1.6.3.jar
2023-05-23 21:02:28,854 [Worker-10: Launching mavenrun-53207ea5-d472-4e9f-9550-e3689029f87f] INFO  o.eclipse.m2e.core.internal.Bundles - 	Entry: C:\Users\mrdlp\eclipse\eclipse\plugins\org.eclipse.m2e.maven.runtime_3.8.701.20230209-1606\jars\maven-resolver-util-1.6.3.jar
2023-05-23 21:02:28,854 [Worker-10: Launching mavenrun-53207ea5-d472-4e9f-9550-e3689029f87f] INFO  o.eclipse.m2e.core.internal.Bundles - 	Entry: C:\Users\mrdlp\eclipse\eclipse\plugins\org.eclipse.m2e.maven.runtime_3.8.701.20230209-1606\jars\maven-settings-3.8.7.jar
2023-05-23 21:02:28,855 [Worker-10: Launching mavenrun-53207ea5-d472-4e9f-9550-e3689029f87f] INFO  o.eclipse.m2e.core.internal.Bundles - 	Entry: C:\Users\mrdlp\eclipse\eclipse\plugins\org.eclipse.m2e.maven.runtime_3.8.701.20230209-1606\jars\maven-settings-builder-3.8.7.jar
2023-05-23 21:02:28,855 [Worker-10: Launching mavenrun-53207ea5-d472-4e9f-9550-e3689029f87f] INFO  o.eclipse.m2e.core.internal.Bundles - 	Entry: C:\Users\mrdlp\eclipse\eclipse\plugins\org.eclipse.m2e.maven.runtime_3.8.701.20230209-1606\jars\maven-shared-utils-3.3.4.jar
2023-05-23 21:02:28,855 [Worker-10: Launching mavenrun-53207ea5-d472-4e9f-9550-e3689029f87f] INFO  o.eclipse.m2e.core.internal.Bundles - 	Entry: C:\Users\mrdlp\eclipse\eclipse\plugins\org.eclipse.m2e.maven.runtime_3.8.701.20230209-1606\jars\okhttp-3.14.1.jar
2023-05-23 21:02:28,855 [Worker-10: Launching mavenrun-53207ea5-d472-4e9f-9550-e3689029f87f] INFO  o.eclipse.m2e.core.internal.Bundles - 	Entry: C:\Users\mrdlp\eclipse\eclipse\plugins\org.eclipse.m2e.maven.runtime_3.8.701.20230209-1606\jars\okio-1.17.3.jar
2023-05-23 21:02:28,887 [Worker-10: Launching mavenrun-53207ea5-d472-4e9f-9550-e3689029f87f] INFO  o.eclipse.m2e.core.internal.Bundles - 	Entry: C:\Users\mrdlp\eclipse\eclipse\plugins\org.eclipse.m2e.maven.runtime_3.8.701.20230209-1606\jars\org.eclipse.sisu.inject-0.3.5.jar
2023-05-23 21:02:28,887 [Worker-10: Launching mavenrun-53207ea5-d472-4e9f-9550-e3689029f87f] INFO  o.eclipse.m2e.core.internal.Bundles - 	Entry: C:\Users\mrdlp\eclipse\eclipse\plugins\org.eclipse.m2e.maven.runtime_3.8.701.20230209-1606\jars\org.eclipse.sisu.plexus-0.3.5.jar
2023-05-23 21:02:28,888 [Worker-10: Launching mavenrun-53207ea5-d472-4e9f-9550-e3689029f87f] INFO  o.eclipse.m2e.core.internal.Bundles - 	Entry: C:\Users\mrdlp\eclipse\eclipse\plugins\org.eclipse.m2e.maven.runtime_3.8.701.20230209-1606\jars\plexus-build-api-0.0.7.jar
2023-05-23 21:02:28,888 [Worker-10: Launching mavenrun-53207ea5-d472-4e9f-9550-e3689029f87f] INFO  o.eclipse.m2e.core.internal.Bundles - 	Entry: C:\Users\mrdlp\eclipse\eclipse\plugins\org.eclipse.m2e.maven.runtime_3.8.701.20230209-1606\jars\plexus-cipher-2.0.jar
2023-05-23 21:02:28,888 [Worker-10: Launching mavenrun-53207ea5-d472-4e9f-9550-e3689029f87f] INFO  o.eclipse.m2e.core.internal.Bundles - 	Entry: C:\Users\mrdlp\eclipse\eclipse\plugins\org.eclipse.m2e.maven.runtime_3.8.701.20230209-1606\jars\plexus-classworlds-2.6.0.jar
2023-05-23 21:02:28,889 [Worker-10: Launching mavenrun-53207ea5-d472-4e9f-9550-e3689029f87f] INFO  o.eclipse.m2e.core.internal.Bundles - 	Entry: C:\Users\mrdlp\eclipse\eclipse\plugins\org.eclipse.m2e.maven.runtime_3.8.701.20230209-1606\jars\plexus-component-annotations-2.1.0.jar
2023-05-23 21:02:28,889 [Worker-10: Launching mavenrun-53207ea5-d472-4e9f-9550-e3689029f87f] INFO  o.eclipse.m2e.core.internal.Bundles - 	Entry: C:\Users\mrdlp\eclipse\eclipse\plugins\org.eclipse.m2e.maven.runtime_3.8.701.20230209-1606\jars\plexus-interpolation-1.26.jar
2023-05-23 21:02:28,889 [Worker-10: Launching mavenrun-53207ea5-d472-4e9f-9550-e3689029f87f] INFO  o.eclipse.m2e.core.internal.Bundles - 	Entry: C:\Users\mrdlp\eclipse\eclipse\plugins\org.eclipse.m2e.maven.runtime_3.8.701.20230209-1606\jars\plexus-sec-dispatcher-2.0.jar
2023-05-23 21:02:28,889 [Worker-10: Launching mavenrun-53207ea5-d472-4e9f-9550-e3689029f87f] INFO  o.eclipse.m2e.core.internal.Bundles - 	Entry: C:\Users\mrdlp\eclipse\eclipse\plugins\org.eclipse.m2e.maven.runtime_3.8.701.20230209-1606\jars\plexus-utils-3.3.1.jar
2023-05-23 21:02:28,889 [Worker-10: Launching mavenrun-53207ea5-d472-4e9f-9550-e3689029f87f] INFO  o.eclipse.m2e.core.internal.Bundles - 	Entry: C:\Users\mrdlp\eclipse\eclipse\plugins\org.eclipse.m2e.maven.runtime_3.8.701.20230209-1606\jars\wagon-file-3.5.3.jar
2023-05-23 21:02:28,889 [Worker-10: Launching mavenrun-53207ea5-d472-4e9f-9550-e3689029f87f] INFO  o.eclipse.m2e.core.internal.Bundles - 	Entry: C:\Users\mrdlp\eclipse\eclipse\plugins\org.eclipse.m2e.maven.runtime_3.8.701.20230209-1606\jars\wagon-provider-api-3.5.3.jar
2023-05-23 21:02:28,891 [Worker-10: Launching mavenrun-53207ea5-d472-4e9f-9550-e3689029f87f] INFO  o.eclipse.m2e.core.internal.Bundles - getClasspathEntries(Bundle=com.google.guava_31.1.0.jre [11])
2023-05-23 21:02:28,908 [Worker-10: Launching mavenrun-53207ea5-d472-4e9f-9550-e3689029f87f] INFO  o.eclipse.m2e.core.internal.Bundles - 	Entry: C:\Users\mrdlp\eclipse\eclipse\plugins\com.google.guava_31.1.0.jre.jar
2023-05-23 21:02:28,909 [Worker-10: Launching mavenrun-53207ea5-d472-4e9f-9550-e3689029f87f] INFO  o.eclipse.m2e.core.internal.Bundles - getClasspathEntries(Bundle=slf4j.api_1.7.36 [924])
2023-05-23 21:02:28,914 [Worker-10: Launching mavenrun-53207ea5-d472-4e9f-9550-e3689029f87f] INFO  o.eclipse.m2e.core.internal.Bundles - 	Entry: C:\Users\mrdlp\eclipse\eclipse\plugins\slf4j.api_1.7.36.jar
2023-05-23 21:02:28,914 [Worker-10: Launching mavenrun-53207ea5-d472-4e9f-9550-e3689029f87f] INFO  o.eclipse.m2e.core.internal.Bundles - getClasspathEntries(Bundle=javax.inject_1.0.0.v20220405-0441 [35])
2023-05-23 21:02:28,922 [Worker-10: Launching mavenrun-53207ea5-d472-4e9f-9550-e3689029f87f] INFO  o.eclipse.m2e.core.internal.Bundles - 	Entry: C:\Users\mrdlp\eclipse\eclipse\plugins\javax.inject_1.0.0.v20220405-0441.jar
2023-05-23 21:02:28,923 [Worker-10: Launching mavenrun-53207ea5-d472-4e9f-9550-e3689029f87f] INFO  o.eclipse.m2e.core.internal.Bundles - getClasspathEntries(Bundle=javax.annotation_1.3.5.v20221203-1659 [33])
2023-05-23 21:02:28,924 [Worker-10: Launching mavenrun-53207ea5-d472-4e9f-9550-e3689029f87f] INFO  o.eclipse.m2e.core.internal.Bundles - 	Entry: C:\Users\mrdlp\eclipse\eclipse\plugins\javax.annotation_1.3.5.v20221203-1659.jar
2023-05-23 21:02:28,924 [Worker-10: Launching mavenrun-53207ea5-d472-4e9f-9550-e3689029f87f] INFO  o.eclipse.m2e.core.internal.Bundles - getClasspathEntries(Bundle=org.apache.commons.cli_1.4.0.v20221112-0806 [67])
2023-05-23 21:02:28,925 [Worker-10: Launching mavenrun-53207ea5-d472-4e9f-9550-e3689029f87f] INFO  o.eclipse.m2e.core.internal.Bundles - 	Entry: C:\Users\mrdlp\eclipse\eclipse\plugins\org.apache.commons.cli_1.4.0.v20221112-0806.jar
2023-05-23 21:02:28,925 [Worker-10: Launching mavenrun-53207ea5-d472-4e9f-9550-e3689029f87f] INFO  o.eclipse.m2e.core.internal.Bundles - getClasspathEntries(Bundle=com.google.guava.failureaccess_1.0.1 [13])
2023-05-23 21:02:28,927 [Worker-10: Launching mavenrun-53207ea5-d472-4e9f-9550-e3689029f87f] INFO  o.eclipse.m2e.core.internal.Bundles - 	Entry: C:\Users\mrdlp\eclipse\eclipse\plugins\com.google.guava.failureaccess_1.0.1.jar
2023-05-23 21:02:28,933 [Worker-10: Launching mavenrun-53207ea5-d472-4e9f-9550-e3689029f87f] INFO  o.e.m.i.launch.MavenLaunchDelegate - Run build in "C:\Users\mrdlp\AppData\Local\Temp\m2e-archetypeGenerator4341154569547755120":
2023-05-23 21:02:28,934 [Worker-10: Launching mavenrun-53207ea5-d472-4e9f-9550-e3689029f87f] INFO  o.e.m.i.launch.MavenLaunchDelegate -  mvn  -DarchetypeGroupId=org.apache.tomee.maven -DarchetypeArtifactId=tomee-webapp-archetype -DarchetypeVersion=9.0.0 -DgroupId=com.mrdlp -DartifactId=MyFirstWebProject -Dversion=0.0.1-SNAPSHOT -Dpackage=com.mrdlp.MyFirstWebProject -DoutputDirectory=C:\Users\mrdlp\workspace\JavaWorkspace -Dstyle.color=always -U archetype:generate
2023-05-23 22:23:20,820 [Worker-1: Loading available Gradle versions] INFO  o.e.b.c.i.u.g.PublishedGradleVersions - Gradle version information cache is up-to-date. Trying to read.
2023-05-24 20:28:35,809 [Worker-0: Loading available Gradle versions] INFO  o.e.b.c.i.u.g.PublishedGradleVersions - Gradle version information cache is out-of-date. Trying to update.
2023-05-24 21:28:01,549 [Worker-0: Loading available Gradle versions] INFO  o.e.b.c.i.u.g.PublishedGradleVersions - Gradle version information cache is up-to-date. Trying to read.
2023-05-24 21:31:06,094 [Worker-0: Loading available Gradle versions] INFO  o.e.b.c.i.u.g.PublishedGradleVersions - Gradle version information cache is up-to-date. Trying to read.
